[2018-11-23 10:22:58] logger.INFO: Query: CREATE TABLE IF NOT EXISTS "customer" ( id INTEGER PRIMARY KEY, name TEXT, loyaltyPoints REAL ); with params:  [] []
[2018-11-23 10:22:58] logger.INFO: Query: CREATE TABLE IF NOT EXISTS product (               name TEXT,               price INTEGER,               vatRate REAL,               id INTEGER PRIMARY KEY             ) with params:  [] []
[2018-11-23 10:22:58] logger.INFO: Query: CREATE TABLE IF NOT EXISTS "order" (               id INTEGER PRIMARY KEY,               ordered TEXT,               created TEXT,               customer_id INTEGER             ) with params:  [] []
[2018-11-23 10:22:58] logger.INFO: Query: CREATE TABLE IF NOT EXISTS order_product (               id INTEGER PRIMARY KEY,               order_id INTEGER,               product_id INTEGER              ) with params:  [] []
[2018-11-23 10:22:58] logger.INFO: Trying to get value from name using Eshop\Model\UnregisteredCustomer::getName() [] []
[2018-11-23 10:22:58] logger.INFO: Trying to get value from id using Eshop\Model\UnregisteredCustomer::getId() [] []
[2018-11-23 10:22:58] logger.INFO: Query: INSERT INTO `customer` (name,id) VALUES (:name,:id) with params: Honza, 1 [] []
[2018-11-23 10:22:58] logger.INFO: Trying to get value from name using Eshop\Model\UnregisteredCustomer::getName() [] []
[2018-11-23 10:22:58] logger.INFO: Trying to get value from id using Eshop\Model\UnregisteredCustomer::getId() [] []
[2018-11-23 10:22:58] logger.INFO: Query: UPDATE `customer` SET name = :name,id = :id WHERE id = :id with params: Honza, 1 [] []
[2018-11-23 10:22:58] logger.INFO: Trying to get value from name using Eshop\Model\Product::getName() [] []
[2018-11-23 10:22:58] logger.INFO: Trying to get value from price using Eshop\Model\Product::getPrice() [] []
[2018-11-23 10:22:58] logger.INFO: Trying to get value from vatRate using Eshop\Model\Product::getVatRate() [] []
[2018-11-23 10:22:58] logger.INFO: Trying to get value from id using Eshop\Model\Product::getId() [] []
[2018-11-23 10:22:58] logger.INFO: Query: INSERT INTO `product` (name,price,vatRate,id) VALUES (:name,:price,:vatRate,:id) with params: hruška, 5, 0.1, 1 [] []
[2018-11-23 10:22:58] logger.ERROR: Execute error: 00000, ,  [] []
[2018-11-23 10:22:58] logger.INFO: Trying to get value from created using Eshop\Model\Order::getCreated() [] []
[2018-11-23 10:22:58] logger.INFO: Trying to get value from ordered using Eshop\Model\Order::getOrdered() [] []
[2018-11-23 10:22:58] logger.INFO: Trying to get value from customer using Eshop\Model\Order::getCustomer() [] []
[2018-11-23 10:22:58] logger.INFO: Trying to get PK value from Eshop\Model\UnregisteredCustomer::getId() [] []
[2018-11-23 10:22:58] logger.INFO: Trying to get value from items using Eshop\Model\Order::getItems() [] []
[2018-11-23 10:22:58] logger.INFO: Trying to get value from id using Eshop\Model\Order::getId() [] []
[2018-11-23 10:22:58] logger.INFO: Trying to get PK value from Eshop\Model\Order::getId() [] []
[2018-11-23 10:22:59] logger.INFO: Trying to get PK value from Eshop\Model\Product::getId() [] []
[2018-11-23 10:22:59] logger.INFO: Query: DELETE FROM `order_product` WHERE order_id = :order_id with params: 1 [] []
[2018-11-23 10:22:59] logger.INFO: Query: INSERT INTO `order_product` (order_id,product_id) VALUES (1,1) with params:  [] []
[2018-11-23 10:22:59] logger.INFO: Query: INSERT INTO `order` (created,ordered,customer_id,id) VALUES (:created,:ordered,:customer_id,:id) with params: Fri, 23 Nov 2018 10:22:58 +0100, Fri, 23 Nov 2018 10:22:58 +0100, 1, 1 [] []
[2018-11-23 10:22:59] logger.ERROR: Execute error: 00000, ,  [] []
[2018-11-23 10:22:59] logger.INFO: Query: SELECT * FROM `customer` with params:  [] []
[2018-11-23 10:22:59] logger.INFO: Query: SELECT * FROM `product` with params:  [] []
[2018-11-23 10:23:15] logger.INFO: Query: CREATE TABLE IF NOT EXISTS "customer" ( id INTEGER PRIMARY KEY, name TEXT, loyaltyPoints REAL ); with params:  [] []
[2018-11-23 10:23:15] logger.INFO: Query: CREATE TABLE IF NOT EXISTS product (               name TEXT,               price INTEGER,               vatRate REAL,               id INTEGER PRIMARY KEY             ) with params:  [] []
[2018-11-23 10:23:15] logger.INFO: Query: CREATE TABLE IF NOT EXISTS "order" (               id INTEGER PRIMARY KEY,               ordered TEXT,               created TEXT,               customer_id INTEGER             ) with params:  [] []
[2018-11-23 10:23:15] logger.INFO: Query: CREATE TABLE IF NOT EXISTS order_product (               id INTEGER PRIMARY KEY,               order_id INTEGER,               product_id INTEGER              ) with params:  [] []
[2018-11-23 10:23:15] logger.INFO: Trying to get value from name using Eshop\Model\UnregisteredCustomer::getName() [] []
[2018-11-23 10:23:15] logger.INFO: Trying to get value from id using Eshop\Model\UnregisteredCustomer::getId() [] []
[2018-11-23 10:23:15] logger.INFO: Query: INSERT INTO `customer` (name,id) VALUES (:name,:id) with params: Honza, 1 [] []
[2018-11-23 10:23:15] logger.ERROR: Execute error: 00000, ,  [] []
[2018-11-23 10:23:15] logger.INFO: Trying to get value from name using Eshop\Model\UnregisteredCustomer::getName() [] []
[2018-11-23 10:23:15] logger.INFO: Trying to get value from id using Eshop\Model\UnregisteredCustomer::getId() [] []
[2018-11-23 10:23:15] logger.INFO: Query: UPDATE `customer` SET name = :name,id = :id WHERE id = :id with params: Honza, 1 [] []
[2018-11-23 10:23:38] logger.INFO: Query: CREATE TABLE IF NOT EXISTS "customer" ( id INTEGER PRIMARY KEY, name TEXT, loyaltyPoints REAL ); with params:  [] []
[2018-11-23 10:23:38] logger.INFO: Query: CREATE TABLE IF NOT EXISTS product (               name TEXT,               price INTEGER,               vatRate REAL,               id INTEGER PRIMARY KEY             ) with params:  [] []
[2018-11-23 10:23:38] logger.INFO: Query: CREATE TABLE IF NOT EXISTS "order" (               id INTEGER PRIMARY KEY,               ordered TEXT,               created TEXT,               customer_id INTEGER             ) with params:  [] []
[2018-11-23 10:23:38] logger.INFO: Query: CREATE TABLE IF NOT EXISTS order_product (               id INTEGER PRIMARY KEY,               order_id INTEGER,               product_id INTEGER              ) with params:  [] []
[2018-11-23 10:23:38] logger.INFO: Trying to get value from name using Eshop\Model\UnregisteredCustomer::getName() [] []
[2018-11-23 10:23:38] logger.INFO: Trying to get value from id using Eshop\Model\UnregisteredCustomer::getId() [] []
[2018-11-23 10:23:38] logger.INFO: Query: INSERT INTO `customer` (name,id) VALUES (:name,:id) with params: Honza, 1 [] []
[2018-11-23 10:23:38] logger.ERROR: Execute error: 00000, ,  [] []
[2018-11-23 10:23:38] logger.INFO: Trying to get value from name using Eshop\Model\UnregisteredCustomer::getName() [] []
[2018-11-23 10:23:38] logger.INFO: Trying to get value from id using Eshop\Model\UnregisteredCustomer::getId() [] []
[2018-11-23 10:23:38] logger.INFO: Query: UPDATE `customer` SET name = :name,id = :id WHERE id = :id with params: Honza, 1 [] []
[2018-11-23 10:23:51] logger.INFO: Trying to get value from name using Eshop\Model\Product::getName() [] []
[2018-11-23 10:23:51] logger.INFO: Trying to get value from price using Eshop\Model\Product::getPrice() [] []
[2018-11-23 10:23:51] logger.INFO: Trying to get value from vatRate using Eshop\Model\Product::getVatRate() [] []
[2018-11-23 10:23:51] logger.INFO: Trying to get value from id using Eshop\Model\Product::getId() [] []
[2018-11-23 10:23:51] logger.INFO: Query: INSERT INTO `product` (name,price,vatRate,id) VALUES (:name,:price,:vatRate,:id) with params: hruška, 5, 0.1, 1 [] []
[2018-11-23 10:23:51] logger.ERROR: Execute error: 00000, ,  [] []
[2018-11-23 10:23:51] logger.INFO: Trying to get value from created using Eshop\Model\Order::getCreated() [] []
[2018-11-23 10:23:51] logger.INFO: Trying to get value from ordered using Eshop\Model\Order::getOrdered() [] []
[2018-11-23 10:23:51] logger.INFO: Trying to get value from customer using Eshop\Model\Order::getCustomer() [] []
[2018-11-23 10:23:51] logger.INFO: Trying to get PK value from Eshop\Model\UnregisteredCustomer::getId() [] []
[2018-11-23 10:23:51] logger.INFO: Trying to get value from items using Eshop\Model\Order::getItems() [] []
[2018-11-23 10:23:51] logger.INFO: Trying to get value from id using Eshop\Model\Order::getId() [] []
[2018-11-23 10:23:51] logger.INFO: Trying to get PK value from Eshop\Model\Order::getId() [] []
[2018-11-23 10:23:51] logger.INFO: Trying to get PK value from Eshop\Model\Product::getId() [] []
[2018-11-23 10:23:51] logger.INFO: Query: DELETE FROM `order_product` WHERE order_id = :order_id with params: 1 [] []
[2018-11-23 10:23:51] logger.INFO: Query: INSERT INTO `order_product` (order_id,product_id) VALUES (1,1) with params:  [] []
[2018-11-23 10:23:51] logger.INFO: Query: INSERT INTO `order` (created,ordered,customer_id,id) VALUES (:created,:ordered,:customer_id,:id) with params: Fri, 23 Nov 2018 10:23:51 +0100, Fri, 23 Nov 2018 10:23:51 +0100, 1, 1 [] []
[2018-11-23 10:23:51] logger.ERROR: Execute error: 00000, ,  [] []
[2018-11-23 10:23:51] logger.INFO: Query: SELECT * FROM `customer` with params:  [] []
[2018-11-23 10:23:51] logger.INFO: Query: SELECT * FROM `product` with params:  [] []
[2018-11-23 10:26:50] logger.INFO: Query: CREATE TABLE IF NOT EXISTS "customer" ( id INTEGER PRIMARY KEY, name TEXT, loyaltyPoints REAL ); with params:  [] []
[2018-11-23 10:26:50] logger.INFO: Query: CREATE TABLE IF NOT EXISTS product (               name TEXT,               price INTEGER,               vatRate REAL,               id INTEGER PRIMARY KEY             ) with params:  [] []
[2018-11-23 10:26:50] logger.INFO: Query: CREATE TABLE IF NOT EXISTS "order" (               id INTEGER PRIMARY KEY,               ordered TEXT,               created TEXT,               customer_id INTEGER             ) with params:  [] []
[2018-11-23 10:26:50] logger.INFO: Query: CREATE TABLE IF NOT EXISTS order_product (               id INTEGER PRIMARY KEY,               order_id INTEGER,               product_id INTEGER              ) with params:  [] []
[2018-11-23 10:26:50] logger.INFO: Trying to get value from name using Eshop\Model\UnregisteredCustomer::getName() [] []
[2018-11-23 10:26:50] logger.INFO: Trying to get value from id using Eshop\Model\UnregisteredCustomer::getId() [] []
[2018-11-23 10:26:50] logger.INFO: Query: INSERT INTO `customer` (name,id) VALUES (:name,:id) with params: Honza, 1 [] []
[2018-11-23 10:26:50] logger.ERROR: Execute error: 00000, ,  [] []
[2018-11-23 10:26:50] logger.INFO: Trying to get value from name using Eshop\Model\UnregisteredCustomer::getName() [] []
[2018-11-23 10:26:50] logger.INFO: Trying to get value from id using Eshop\Model\UnregisteredCustomer::getId() [] []
[2018-11-23 10:26:50] logger.INFO: Query: UPDATE `customer` SET name = :name,id = :id WHERE id = :id with params: Honza, 1 [] []
[2018-11-23 10:26:50] logger.INFO: Trying to get value from name using Eshop\Model\Product::getName() [] []
[2018-11-23 10:26:50] logger.INFO: Trying to get value from price using Eshop\Model\Product::getPrice() [] []
[2018-11-23 10:26:50] logger.INFO: Trying to get value from vatRate using Eshop\Model\Product::getVatRate() [] []
[2018-11-23 10:26:50] logger.INFO: Trying to get value from id using Eshop\Model\Product::getId() [] []
[2018-11-23 10:26:50] logger.INFO: Query: INSERT INTO `product` (name,price,vatRate,id) VALUES (:name,:price,:vatRate,:id) with params: hruška, 5, 0.1, 1 [] []
[2018-11-23 10:26:50] logger.ERROR: Execute error: 00000, ,  [] []
[2018-11-23 10:27:07] logger.INFO: Trying to get value from created using Eshop\Model\Order::getCreated() [] []
[2018-11-23 10:27:07] logger.INFO: Trying to get value from ordered using Eshop\Model\Order::getOrdered() [] []
[2018-11-23 10:27:07] logger.INFO: Trying to get value from customer using Eshop\Model\Order::getCustomer() [] []
[2018-11-23 10:27:07] logger.INFO: Trying to get PK value from Eshop\Model\UnregisteredCustomer::getId() [] []
[2018-11-23 10:27:07] logger.INFO: Trying to get value from items using Eshop\Model\Order::getItems() [] []
[2018-11-23 10:27:07] logger.INFO: Trying to get value from id using Eshop\Model\Order::getId() [] []
[2018-11-23 10:27:07] logger.INFO: Trying to get PK value from Eshop\Model\Order::getId() [] []
[2018-11-23 10:27:07] logger.INFO: Trying to get PK value from Eshop\Model\Product::getId() [] []
[2018-11-23 10:27:07] logger.INFO: Query: DELETE FROM `order_product` WHERE order_id = :order_id with params: 1 [] []
[2018-11-23 10:27:07] logger.INFO: Query: INSERT INTO `order_product` (order_id,product_id) VALUES (1,1) with params:  [] []
[2018-11-23 10:27:07] logger.INFO: Query: INSERT INTO `order` (created,ordered,customer_id,id) VALUES (:created,:ordered,:customer_id,:id) with params: Fri, 23 Nov 2018 10:27:07 +0100, Fri, 23 Nov 2018 10:27:07 +0100, 1, 1 [] []
[2018-11-23 10:27:07] logger.ERROR: Execute error: 00000, ,  [] []
[2018-11-23 10:27:07] logger.INFO: Query: SELECT * FROM `customer` with params:  [] []
[2018-11-23 10:27:07] logger.INFO: Query: SELECT * FROM `product` with params:  [] []
[2018-11-23 10:28:21] logger.INFO: Query: CREATE TABLE IF NOT EXISTS "customer" ( id INTEGER PRIMARY KEY, name TEXT, loyaltyPoints REAL ); with params:  [] []
[2018-11-23 10:28:21] logger.INFO: Query: CREATE TABLE IF NOT EXISTS product (               name TEXT,               price INTEGER,               vatRate REAL,               id INTEGER PRIMARY KEY             ) with params:  [] []
[2018-11-23 10:28:21] logger.INFO: Query: CREATE TABLE IF NOT EXISTS "order" (               id INTEGER PRIMARY KEY,               ordered TEXT,               created TEXT,               customer_id INTEGER             ) with params:  [] []
[2018-11-23 10:28:21] logger.INFO: Query: CREATE TABLE IF NOT EXISTS order_product (               id INTEGER PRIMARY KEY,               order_id INTEGER,               product_id INTEGER              ) with params:  [] []
[2018-11-23 10:28:21] logger.INFO: Trying to get value from name using Eshop\Model\UnregisteredCustomer::getName() [] []
[2018-11-23 10:28:21] logger.INFO: Trying to get value from id using Eshop\Model\UnregisteredCustomer::getId() [] []
[2018-11-23 10:28:21] logger.INFO: Query: INSERT INTO `customer` (name,id) VALUES (:name,:id) with params: Honza, 1 [] []
[2018-11-23 10:28:21] logger.ERROR: Execute error: 00000, ,  [] []
[2018-11-23 10:28:21] logger.INFO: Trying to get value from name using Eshop\Model\UnregisteredCustomer::getName() [] []
[2018-11-23 10:28:21] logger.INFO: Trying to get value from id using Eshop\Model\UnregisteredCustomer::getId() [] []
[2018-11-23 10:28:21] logger.INFO: Query: UPDATE `customer` SET name = :name,id = :id WHERE id = :id with params: Honza, 1 [] []
[2018-11-23 10:28:21] logger.INFO: Trying to get value from name using Eshop\Model\Product::getName() [] []
[2018-11-23 10:28:21] logger.INFO: Trying to get value from price using Eshop\Model\Product::getPrice() [] []
[2018-11-23 10:28:21] logger.INFO: Trying to get value from vatRate using Eshop\Model\Product::getVatRate() [] []
[2018-11-23 10:28:21] logger.INFO: Trying to get value from id using Eshop\Model\Product::getId() [] []
[2018-11-23 10:28:21] logger.INFO: Query: INSERT INTO `product` (name,price,vatRate,id) VALUES (:name,:price,:vatRate,:id) with params: hruška, 5, 0.1, 1 [] []
[2018-11-23 10:28:21] logger.ERROR: Execute error: 00000, ,  [] []
[2018-11-23 10:28:21] logger.INFO: Trying to get value from created using Eshop\Model\Order::getCreated() [] []
[2018-11-23 10:28:21] logger.INFO: Trying to get value from ordered using Eshop\Model\Order::getOrdered() [] []
[2018-11-23 10:28:21] logger.INFO: Trying to get value from customer using Eshop\Model\Order::getCustomer() [] []
[2018-11-23 10:28:21] logger.INFO: Trying to get PK value from Eshop\Model\UnregisteredCustomer::getId() [] []
[2018-11-23 10:28:21] logger.INFO: Trying to get value from items using Eshop\Model\Order::getItems() [] []
[2018-11-23 10:28:21] logger.INFO: Trying to get value from id using Eshop\Model\Order::getId() [] []
[2018-11-23 10:28:21] logger.INFO: Trying to get PK value from Eshop\Model\Order::getId() [] []
[2018-11-23 10:28:21] logger.INFO: Trying to get PK value from Eshop\Model\Product::getId() [] []
[2018-11-23 10:28:21] logger.INFO: Query: DELETE FROM `order_product` WHERE order_id = :order_id with params: 1 [] []
[2018-11-23 10:28:21] logger.INFO: Query: INSERT INTO `order_product` (order_id,product_id) VALUES (1,1) with params:  [] []
[2018-11-23 10:28:21] logger.INFO: Query: INSERT INTO `order` (created,ordered,customer_id,id) VALUES (:created,:ordered,:customer_id,:id) with params: Fri, 23 Nov 2018 10:28:21 +0100, Fri, 23 Nov 2018 10:28:21 +0100, 1, 1 [] []
[2018-11-23 10:28:21] logger.ERROR: Execute error: 00000, ,  [] []
[2018-11-23 10:28:21] logger.INFO: Query: SELECT * FROM `customer` with params:  [] []
[2018-11-23 10:28:21] logger.INFO: Query: SELECT * FROM `product` with params:  [] []
[2018-11-23 10:30:57] logger.INFO: Query: CREATE TABLE IF NOT EXISTS "customer" ( id INTEGER PRIMARY KEY, name TEXT, loyaltyPoints REAL ); with params:  [] []
[2018-11-23 10:30:57] logger.INFO: Query: CREATE TABLE IF NOT EXISTS product (               name TEXT,               price INTEGER,               vatRate REAL,               id INTEGER PRIMARY KEY             ) with params:  [] []
[2018-11-23 10:30:57] logger.INFO: Query: CREATE TABLE IF NOT EXISTS "order" (               id INTEGER PRIMARY KEY,               ordered TEXT,               created TEXT,               customer_id INTEGER             ) with params:  [] []
[2018-11-23 10:30:57] logger.INFO: Query: CREATE TABLE IF NOT EXISTS order_product (               id INTEGER PRIMARY KEY,               order_id INTEGER,               product_id INTEGER              ) with params:  [] []
[2018-11-23 10:30:57] logger.INFO: Trying to get value from name using Eshop\Model\UnregisteredCustomer::getName() [] []
[2018-11-23 10:30:57] logger.INFO: Trying to get value from id using Eshop\Model\UnregisteredCustomer::getId() [] []
[2018-11-23 10:30:57] logger.INFO: Query: INSERT INTO `customer` (name,id) VALUES (:name,:id) with params: Honza, 1 [] []
[2018-11-23 10:30:57] logger.ERROR: Execute error: 00000, ,  [] []
[2018-11-23 10:30:57] logger.INFO: Trying to get value from name using Eshop\Model\UnregisteredCustomer::getName() [] []
[2018-11-23 10:30:57] logger.INFO: Trying to get value from id using Eshop\Model\UnregisteredCustomer::getId() [] []
[2018-11-23 10:30:57] logger.INFO: Query: UPDATE `customer` SET name = :name,id = :id WHERE id = :id with params: Honza, 1 [] []
[2018-11-23 10:30:57] logger.INFO: Trying to get value from name using Eshop\Model\Product::getName() [] []
[2018-11-23 10:30:57] logger.INFO: Trying to get value from price using Eshop\Model\Product::getPrice() [] []
[2018-11-23 10:30:57] logger.INFO: Trying to get value from vatRate using Eshop\Model\Product::getVatRate() [] []
[2018-11-23 10:30:57] logger.INFO: Trying to get value from id using Eshop\Model\Product::getId() [] []
[2018-11-23 10:30:57] logger.INFO: Query: INSERT INTO `product` (name,price,vatRate,id) VALUES (:name,:price,:vatRate,:id) with params: hruška, 5, 0.1, 1 [] []
[2018-11-23 10:30:57] logger.ERROR: Execute error: 00000, ,  [] []
[2018-11-23 10:30:57] logger.INFO: Trying to get value from created using Eshop\Model\Order::getCreated() [] []
[2018-11-23 10:30:57] logger.INFO: Trying to get value from ordered using Eshop\Model\Order::getOrdered() [] []
[2018-11-23 10:30:57] logger.INFO: Trying to get value from customer using Eshop\Model\Order::getCustomer() [] []
[2018-11-23 10:30:57] logger.INFO: Trying to get PK value from Eshop\Model\UnregisteredCustomer::getId() [] []
[2018-11-23 10:30:57] logger.INFO: Trying to get value from items using Eshop\Model\Order::getItems() [] []
[2018-11-23 10:30:57] logger.INFO: Trying to get value from id using Eshop\Model\Order::getId() [] []
[2018-11-23 10:30:57] logger.INFO: Trying to get PK value from Eshop\Model\Order::getId() [] []
[2018-11-23 10:30:57] logger.INFO: Trying to get PK value from Eshop\Model\Product::getId() [] []
[2018-11-23 10:30:57] logger.INFO: Query: DELETE FROM `order_product` WHERE order_id = :order_id with params: 1 [] []
[2018-11-23 10:30:57] logger.INFO: Query: INSERT INTO `order_product` (order_id,product_id) VALUES (1,1) with params:  [] []
[2018-11-23 10:30:57] logger.INFO: Query: INSERT INTO `order` (created,ordered,customer_id,id) VALUES (:created,:ordered,:customer_id,:id) with params: Fri, 23 Nov 2018 10:30:57 +0100, Fri, 23 Nov 2018 10:30:57 +0100, 1, 1 [] []
[2018-11-23 10:30:57] logger.ERROR: Execute error: 00000, ,  [] []
[2018-11-23 10:30:57] logger.INFO: Query: SELECT * FROM `customer` with params:  [] []
[2018-11-23 10:30:57] logger.INFO: Query: SELECT * FROM `product` with params:  [] []
[2018-11-23 10:33:34] logger.INFO: Query: CREATE TABLE IF NOT EXISTS "customer" ( id INTEGER PRIMARY KEY, name TEXT, loyaltyPoints REAL ); with params:  [] []
[2018-11-23 10:33:34] logger.INFO: Query: CREATE TABLE IF NOT EXISTS product (               name TEXT,               price INTEGER,               vatRate REAL,               id INTEGER PRIMARY KEY             ) with params:  [] []
[2018-11-23 10:33:34] logger.INFO: Query: CREATE TABLE IF NOT EXISTS "order" (               id INTEGER PRIMARY KEY,               ordered TEXT,               created TEXT,               customer_id INTEGER             ) with params:  [] []
[2018-11-23 10:33:34] logger.INFO: Query: CREATE TABLE IF NOT EXISTS order_product (               id INTEGER PRIMARY KEY,               order_id INTEGER,               product_id INTEGER              ) with params:  [] []
[2018-11-23 10:33:34] logger.INFO: Trying to get value from name using Eshop\Model\UnregisteredCustomer::getName() [] []
[2018-11-23 10:33:34] logger.INFO: Trying to get value from id using Eshop\Model\UnregisteredCustomer::getId() [] []
[2018-11-23 10:33:34] logger.INFO: Query: INSERT INTO `customer` (name,id) VALUES (:name,:id) with params: Honza, 1 [] []
[2018-11-23 10:33:34] logger.ERROR: Execute error: 00000, ,  [] []
[2018-11-23 10:33:34] logger.INFO: Trying to get value from name using Eshop\Model\UnregisteredCustomer::getName() [] []
[2018-11-23 10:33:34] logger.INFO: Trying to get value from id using Eshop\Model\UnregisteredCustomer::getId() [] []
[2018-11-23 10:33:34] logger.INFO: Query: UPDATE `customer` SET name = :name,id = :id WHERE id = :id with params: Honza, 1 [] []
[2018-11-23 10:33:34] logger.INFO: Trying to get value from name using Eshop\Model\Product::getName() [] []
[2018-11-23 10:33:34] logger.INFO: Trying to get value from price using Eshop\Model\Product::getPrice() [] []
[2018-11-23 10:33:34] logger.INFO: Trying to get value from vatRate using Eshop\Model\Product::getVatRate() [] []
[2018-11-23 10:33:34] logger.INFO: Trying to get value from id using Eshop\Model\Product::getId() [] []
[2018-11-23 10:33:34] logger.INFO: Query: INSERT INTO `product` (name,price,vatRate,id) VALUES (:name,:price,:vatRate,:id) with params: hruška, 5, 0.1, 1 [] []
[2018-11-23 10:33:34] logger.ERROR: Execute error: 00000, ,  [] []
[2018-11-23 10:33:34] logger.INFO: Trying to get value from created using Eshop\Model\Order::getCreated() [] []
[2018-11-23 10:33:34] logger.INFO: Trying to get value from ordered using Eshop\Model\Order::getOrdered() [] []
[2018-11-23 10:33:34] logger.INFO: Trying to get value from customer using Eshop\Model\Order::getCustomer() [] []
[2018-11-23 10:33:34] logger.INFO: Trying to get PK value from Eshop\Model\UnregisteredCustomer::getId() [] []
[2018-11-23 10:33:34] logger.INFO: Trying to get value from items using Eshop\Model\Order::getItems() [] []
[2018-11-23 10:33:34] logger.INFO: Trying to get value from id using Eshop\Model\Order::getId() [] []
[2018-11-23 10:33:34] logger.INFO: Trying to get PK value from Eshop\Model\Order::getId() [] []
[2018-11-23 10:33:34] logger.INFO: Trying to get PK value from Eshop\Model\Product::getId() [] []
[2018-11-23 10:33:34] logger.INFO: Query: DELETE FROM `order_product` WHERE order_id = :order_id with params: 1 [] []
[2018-11-23 10:33:34] logger.INFO: Query: INSERT INTO `order_product` (order_id,product_id) VALUES (1,1) with params:  [] []
[2018-11-23 10:33:34] logger.INFO: Query: INSERT INTO `order` (created,ordered,customer_id,id) VALUES (:created,:ordered,:customer_id,:id) with params: Fri, 23 Nov 2018 10:33:34 +0100, Fri, 23 Nov 2018 10:33:34 +0100, 1, 1 [] []
[2018-11-23 10:33:34] logger.ERROR: Execute error: 00000, ,  [] []
[2018-11-23 10:33:34] logger.INFO: Query: SELECT * FROM `customer` with params:  [] []
[2018-11-23 10:33:34] logger.INFO: Query: SELECT * FROM `product` with params:  [] []
[2018-11-23 10:35:59] logger.INFO: Query: CREATE TABLE IF NOT EXISTS "customer" ( id INTEGER PRIMARY KEY, name TEXT, loyaltyPoints REAL ); with params:  [] []
[2018-11-23 10:35:59] logger.INFO: Query: CREATE TABLE IF NOT EXISTS product (               name TEXT,               price INTEGER,               vatRate REAL,               id INTEGER PRIMARY KEY             ) with params:  [] []
[2018-11-23 10:35:59] logger.INFO: Query: CREATE TABLE IF NOT EXISTS "order" (               id INTEGER PRIMARY KEY,               ordered TEXT,               created TEXT,               customer_id INTEGER             ) with params:  [] []
[2018-11-23 10:35:59] logger.INFO: Query: CREATE TABLE IF NOT EXISTS order_product (               id INTEGER PRIMARY KEY,               order_id INTEGER,               product_id INTEGER              ) with params:  [] []
[2018-11-23 10:36:07] logger.INFO: Trying to get value from name using Eshop\Model\UnregisteredCustomer::getName() [] []
[2018-11-23 10:36:07] logger.INFO: Trying to get value from id using Eshop\Model\UnregisteredCustomer::getId() [] []
[2018-11-23 10:36:07] logger.INFO: Query: INSERT INTO `customer` (name,id) VALUES (:name,:id) with params: Honza, 1 [] []
[2018-11-23 10:36:07] logger.ERROR: Execute error: 00000, ,  [] []
[2018-11-23 10:36:07] logger.INFO: Trying to get value from name using Eshop\Model\UnregisteredCustomer::getName() [] []
[2018-11-23 10:36:07] logger.INFO: Trying to get value from id using Eshop\Model\UnregisteredCustomer::getId() [] []
[2018-11-23 10:36:07] logger.INFO: Query: UPDATE `customer` SET name = :name,id = :id WHERE id = :id with params: Honza, 1 [] []
[2018-11-23 09:37:02] logger.INFO: Query: CREATE TABLE IF NOT EXISTS "customer" ( id INTEGER PRIMARY KEY, name TEXT, loyaltyPoints REAL ); with params:  [] []
[2018-11-23 09:37:02] logger.INFO: Trying to get value from name using Eshop\Model\Customer::getName() [] []
[2018-11-23 09:37:02] logger.INFO: Trying to get value from id using Eshop\Model\Customer::getId() [] []
[2018-11-23 09:37:02] logger.INFO: Query: INSERT INTO `customer` (name,id) VALUES (:name,:id) with params: Bohuslav, 2 [] []
[2018-11-23 09:37:02] logger.INFO: Query: SELECT * FROM `customer` WHERE id = :id with params: 2 [] []
[2018-11-23 09:37:02] logger.INFO: Query: CREATE TABLE IF NOT EXISTS "order" (               id INTEGER PRIMARY KEY,               ordered TEXT,               created TEXT,               customer_id INTEGER             ) with params:  [] []
[2018-11-23 09:37:02] logger.INFO: Query: CREATE TABLE IF NOT EXISTS order_product (               id INTEGER PRIMARY KEY,               order_id INTEGER,               product_id INTEGER              ) with params:  [] []
[2018-11-23 09:37:02] logger.INFO: Query: CREATE TABLE IF NOT EXISTS product (               name TEXT,               price INTEGER,               vatRate REAL,               id INTEGER PRIMARY KEY             ) with params:  [] []
[2018-11-23 09:37:02] logger.INFO: Query: CREATE TABLE IF NOT EXISTS "customer" ( id INTEGER PRIMARY KEY, name TEXT, loyaltyPoints REAL ); with params:  [] []
[2018-11-23 09:37:02] logger.INFO: Trying to get value from name using Eshop\Model\Product::getName() [] []
[2018-11-23 09:37:02] logger.INFO: Trying to get value from price using Eshop\Model\Product::getPrice() [] []
[2018-11-23 09:37:02] logger.INFO: Trying to get value from vatRate using Eshop\Model\Product::getVatRate() [] []
[2018-11-23 09:37:02] logger.INFO: Trying to get value from id using Eshop\Model\Product::getId() [] []
[2018-11-23 09:37:02] logger.INFO: Query: INSERT INTO `product` (name,price,vatRate,id) VALUES (:name,:price,:vatRate,:id) with params: hruška, 5, 0.1, 1 [] []
[2018-11-23 09:37:02] logger.INFO: Trying to get value from name using Eshop\Model\Customer::getName() [] []
[2018-11-23 09:37:02] logger.INFO: Trying to get value from id using Eshop\Model\Customer::getId() [] []
[2018-11-23 09:37:02] logger.INFO: Query: INSERT INTO `customer` (name,id) VALUES (:name,:id) with params: Láďa, 1 [] []
[2018-11-23 09:37:02] logger.INFO: Trying to get value from created using Eshop\Model\Order::getCreated() [] []
[2018-11-23 09:37:02] logger.INFO: Trying to get value from ordered using Eshop\Model\Order::getOrdered() [] []
[2018-11-23 09:37:02] logger.INFO: Trying to get value from customer using Eshop\Model\Order::getCustomer() [] []
[2018-11-23 09:37:02] logger.INFO: Trying to get PK value from Eshop\Model\Customer::getId() [] []
[2018-11-23 09:37:02] logger.INFO: Trying to get value from items using Eshop\Model\Order::getItems() [] []
[2018-11-23 09:37:02] logger.INFO: Trying to get value from id using Eshop\Model\Order::getId() [] []
[2018-11-23 09:37:02] logger.INFO: Trying to get PK value from Eshop\Model\Order::getId() [] []
[2018-11-23 09:37:02] logger.INFO: Trying to get PK value from Eshop\Model\Product::getId() [] []
[2018-11-23 09:37:02] logger.INFO: Query: DELETE FROM `order_product` WHERE order_id = :order_id with params: 1 [] []
[2018-11-23 09:37:02] logger.INFO: Query: INSERT INTO `order_product` (order_id,product_id) VALUES (1,1) with params:  [] []
[2018-11-23 09:37:02] logger.INFO: Query: INSERT INTO `order` (created,ordered,customer_id,id) VALUES (:created,:ordered,:customer_id,:id) with params: Fri, 23 Nov 2018 09:37:02 +0000, , 1, 1 [] []
[2018-11-23 09:37:02] logger.ERROR: Execute error: 00000, ,  [] []
[2018-11-23 09:37:02] logger.INFO: Query: SELECT * FROM `order` WHERE id = :id with params: 1 [] []
[2018-11-23 09:37:02] logger.INFO: Trying to get PK value from Eshop\Model\Order::getId() [] []
[2018-11-23 09:37:02] logger.INFO: Trying to set value to items using Eshop\Model\Order::setItems() [] []
[2018-11-23 09:37:02] logger.INFO: Query: SELECT product_id FROM `order_product` WHERE order_id = :order_id with params: 1 [] []
[2018-11-23 09:37:02] logger.INFO: Query: SELECT * FROM `product` WHERE id = :id with params: 1 [] []
[2018-11-23 09:37:02] logger.INFO: Trying to set value to customer using Eshop\Model\Order::setCustomer() [] []
[2018-11-23 09:37:02] logger.INFO: Query: SELECT * FROM `customer` WHERE id = :id with params: 1 [] []
[2018-12-13 23:07:19] logger.INFO: Query: CREATE TABLE IF NOT EXISTS "customer" ( id INTEGER PRIMARY KEY, name TEXT, loyaltyPoints REAL ); with params:  [] []
[2018-12-13 23:07:19] logger.INFO: Query: CREATE TABLE IF NOT EXISTS product (               name TEXT,               price INTEGER,               vatRate REAL,               id INTEGER PRIMARY KEY             ) with params:  [] []
[2018-12-13 23:07:19] logger.INFO: Query: CREATE TABLE IF NOT EXISTS "order" (               id INTEGER PRIMARY KEY,               ordered TEXT,               created TEXT,               customer_id INTEGER             ) with params:  [] []
[2018-12-13 23:07:19] logger.INFO: Query: CREATE TABLE IF NOT EXISTS order_product (               id INTEGER PRIMARY KEY,               order_id INTEGER,               product_id INTEGER              ) with params:  [] []
[2018-12-13 23:09:47] logger.INFO: Query: CREATE TABLE IF NOT EXISTS "customer" ( id INTEGER PRIMARY KEY, name TEXT, loyaltyPoints REAL ); with params:  [] []
[2018-12-13 23:09:47] logger.INFO: Query: CREATE TABLE IF NOT EXISTS product (               name TEXT,               price INTEGER,               vatRate REAL,               id INTEGER PRIMARY KEY             ) with params:  [] []
[2018-12-13 23:09:47] logger.INFO: Query: CREATE TABLE IF NOT EXISTS "order" (               id INTEGER PRIMARY KEY,               ordered TEXT,               created TEXT,               customer_id INTEGER             ) with params:  [] []
[2018-12-13 23:09:47] logger.INFO: Query: CREATE TABLE IF NOT EXISTS order_product (               id INTEGER PRIMARY KEY,               order_id INTEGER,               product_id INTEGER              ) with params:  [] []
[2018-12-13 23:10:49] logger.INFO: Query: CREATE TABLE IF NOT EXISTS "customer" ( id INTEGER PRIMARY KEY, name TEXT, loyaltyPoints REAL ); with params:  [] []
[2018-12-13 23:10:49] logger.INFO: Query: CREATE TABLE IF NOT EXISTS product (               name TEXT,               price INTEGER,               vatRate REAL,               id INTEGER PRIMARY KEY             ) with params:  [] []
[2018-12-13 23:10:49] logger.INFO: Query: CREATE TABLE IF NOT EXISTS "order" (               id INTEGER PRIMARY KEY,               ordered TEXT,               created TEXT,               customer_id INTEGER             ) with params:  [] []
[2018-12-13 23:10:49] logger.INFO: Query: CREATE TABLE IF NOT EXISTS order_product (               id INTEGER PRIMARY KEY,               order_id INTEGER,               product_id INTEGER              ) with params:  [] []
[2018-12-13 23:12:49] logger.INFO: Query: CREATE TABLE IF NOT EXISTS "customer" ( id INTEGER PRIMARY KEY, name TEXT, loyaltyPoints REAL ); with params:  [] []
[2018-12-13 23:12:49] logger.INFO: Query: CREATE TABLE IF NOT EXISTS product (               name TEXT,               price INTEGER,               vatRate REAL,               id INTEGER PRIMARY KEY             ) with params:  [] []
[2018-12-13 23:12:49] logger.INFO: Query: CREATE TABLE IF NOT EXISTS "order" (               id INTEGER PRIMARY KEY,               ordered TEXT,               created TEXT,               customer_id INTEGER             ) with params:  [] []
[2018-12-13 23:12:49] logger.INFO: Query: CREATE TABLE IF NOT EXISTS order_product (               id INTEGER PRIMARY KEY,               order_id INTEGER,               product_id INTEGER              ) with params:  [] []
[2018-12-13 23:13:59] logger.INFO: Query: CREATE TABLE IF NOT EXISTS "customer" ( id INTEGER PRIMARY KEY, name TEXT, loyaltyPoints REAL ); with params:  [] []
[2018-12-13 23:13:59] logger.INFO: Query: CREATE TABLE IF NOT EXISTS product (               name TEXT,               price INTEGER,               vatRate REAL,               id INTEGER PRIMARY KEY             ) with params:  [] []
[2018-12-13 23:13:59] logger.INFO: Query: CREATE TABLE IF NOT EXISTS "order" (               id INTEGER PRIMARY KEY,               ordered TEXT,               created TEXT,               customer_id INTEGER             ) with params:  [] []
[2018-12-13 23:13:59] logger.INFO: Query: CREATE TABLE IF NOT EXISTS order_product (               id INTEGER PRIMARY KEY,               order_id INTEGER,               product_id INTEGER              ) with params:  [] []
[2018-12-13 23:16:31] logger.INFO: Trying to get value from name using Eshop\Model\Product::getName() [] []
[2018-12-13 23:16:31] logger.INFO: Trying to get value from price using Eshop\Model\Product::getPrice() [] []
[2018-12-13 23:16:31] logger.INFO: Trying to get value from vatRate using Eshop\Model\Product::getVatRate() [] []
[2018-12-13 23:16:31] logger.INFO: Trying to get value from id using Eshop\Model\Product::getId() [] []
[2018-12-13 23:16:31] logger.INFO: Query: INSERT INTO `product` (name,price,vatRate,id) VALUES (:name,:price,:vatRate,:id) with params: Velké případy kpt. Černé 2 - Hana Militká, 233 Kč, 0, 1 [] []
[2018-12-13 23:16:31] logger.INFO: Trying to get value from name using Eshop\Model\Product::getName() [] []
[2018-12-13 23:16:31] logger.INFO: Trying to get value from price using Eshop\Model\Product::getPrice() [] []
[2018-12-13 23:16:31] logger.INFO: Trying to get value from vatRate using Eshop\Model\Product::getVatRate() [] []
[2018-12-13 23:16:31] logger.INFO: Trying to get value from id using Eshop\Model\Product::getId() [] []
[2018-12-13 23:16:31] logger.INFO: Query: INSERT INTO `product` (name,price,vatRate,id) VALUES (:name,:price,:vatRate,:id) with params: Právem moje - J. L. Butler, 359 Kč, 0, 2 [] []
[2018-12-13 23:16:31] logger.INFO: Trying to get value from name using Eshop\Model\Product::getName() [] []
[2018-12-13 23:16:31] logger.INFO: Trying to get value from price using Eshop\Model\Product::getPrice() [] []
[2018-12-13 23:16:31] logger.INFO: Trying to get value from vatRate using Eshop\Model\Product::getVatRate() [] []
[2018-12-13 23:16:31] logger.INFO: Trying to get value from id using Eshop\Model\Product::getId() [] []
[2018-12-13 23:16:31] logger.INFO: Query: INSERT INTO `product` (name,price,vatRate,id) VALUES (:name,:price,:vatRate,:id) with params: The Old Man and the Gun: And Other Tales of True Crime - David Grann, 251 Kč, 0, 3 [] []
[2018-12-13 23:16:31] logger.INFO: Trying to get value from name using Eshop\Model\Product::getName() [] []
[2018-12-13 23:16:31] logger.INFO: Trying to get value from price using Eshop\Model\Product::getPrice() [] []
[2018-12-13 23:16:31] logger.INFO: Trying to get value from vatRate using Eshop\Model\Product::getVatRate() [] []
[2018-12-13 23:16:31] logger.INFO: Trying to get value from id using Eshop\Model\Product::getId() [] []
[2018-12-13 23:16:31] logger.INFO: Query: INSERT INTO `product` (name,price,vatRate,id) VALUES (:name,:price,:vatRate,:id) with params: Škleb - Joseph Knox, 332 Kč, 0, 4 [] []
[2018-12-13 23:16:31] logger.INFO: Trying to get value from name using Eshop\Model\Product::getName() [] []
[2018-12-13 23:16:31] logger.INFO: Trying to get value from price using Eshop\Model\Product::getPrice() [] []
[2018-12-13 23:16:31] logger.INFO: Trying to get value from vatRate using Eshop\Model\Product::getVatRate() [] []
[2018-12-13 23:16:31] logger.INFO: Trying to get value from id using Eshop\Model\Product::getId() [] []
[2018-12-13 23:16:31] logger.INFO: Query: INSERT INTO `product` (name,price,vatRate,id) VALUES (:name,:price,:vatRate,:id) with params: Případy soudce Ti. Vraždy na Žluté řece - Frédéric Lenormand, 225 Kč, 0, 5 [] []
[2018-12-13 23:16:31] logger.INFO: Trying to get value from name using Eshop\Model\Product::getName() [] []
[2018-12-13 23:16:31] logger.INFO: Trying to get value from price using Eshop\Model\Product::getPrice() [] []
[2018-12-13 23:16:31] logger.INFO: Trying to get value from vatRate using Eshop\Model\Product::getVatRate() [] []
[2018-12-13 23:16:31] logger.INFO: Trying to get value from id using Eshop\Model\Product::getId() [] []
[2018-12-13 23:16:31] logger.INFO: Query: INSERT INTO `product` (name,price,vatRate,id) VALUES (:name,:price,:vatRate,:id) with params: Muž v hnědém obleku - Agatha Christie, 269 Kč, 0, 6 [] []
[2018-12-13 23:16:31] logger.INFO: Trying to get value from name using Eshop\Model\Product::getName() [] []
[2018-12-13 23:16:31] logger.INFO: Trying to get value from price using Eshop\Model\Product::getPrice() [] []
[2018-12-13 23:16:31] logger.INFO: Trying to get value from vatRate using Eshop\Model\Product::getVatRate() [] []
[2018-12-13 23:16:31] logger.INFO: Trying to get value from id using Eshop\Model\Product::getId() [] []
[2018-12-13 23:16:31] logger.INFO: Query: INSERT INTO `product` (name,price,vatRate,id) VALUES (:name,:price,:vatRate,:id) with params: Samá voda - Ludvík Souček, 179 Kč, 0, 7 [] []
[2018-12-13 23:16:31] logger.INFO: Trying to get value from name using Eshop\Model\Product::getName() [] []
[2018-12-13 23:16:31] logger.INFO: Trying to get value from price using Eshop\Model\Product::getPrice() [] []
[2018-12-13 23:16:31] logger.INFO: Trying to get value from vatRate using Eshop\Model\Product::getVatRate() [] []
[2018-12-13 23:16:31] logger.INFO: Trying to get value from id using Eshop\Model\Product::getId() [] []
[2018-12-13 23:16:31] logger.INFO: Query: INSERT INTO `product` (name,price,vatRate,id) VALUES (:name,:price,:vatRate,:id) with params: Třikrát detektiv Kalle - Astrid Lindgrenová, 339 Kč, 0, 8 [] []
[2018-12-13 23:16:31] logger.INFO: Trying to get value from name using Eshop\Model\Product::getName() [] []
[2018-12-13 23:16:31] logger.INFO: Trying to get value from price using Eshop\Model\Product::getPrice() [] []
[2018-12-13 23:16:31] logger.INFO: Trying to get value from vatRate using Eshop\Model\Product::getVatRate() [] []
[2018-12-13 23:16:31] logger.INFO: Trying to get value from id using Eshop\Model\Product::getId() [] []
[2018-12-13 23:16:31] logger.INFO: Query: INSERT INTO `product` (name,price,vatRate,id) VALUES (:name,:price,:vatRate,:id) with params: 3 x soudce Ti - Robert H. van Gulik, 405 Kč, 0, 9 [] []
[2018-12-13 23:16:31] logger.INFO: Trying to get value from name using Eshop\Model\Product::getName() [] []
[2018-12-13 23:16:31] logger.INFO: Trying to get value from price using Eshop\Model\Product::getPrice() [] []
[2018-12-13 23:16:31] logger.INFO: Trying to get value from vatRate using Eshop\Model\Product::getVatRate() [] []
[2018-12-13 23:16:31] logger.INFO: Trying to get value from id using Eshop\Model\Product::getId() [] []
[2018-12-13 23:16:31] logger.INFO: Query: INSERT INTO `product` (name,price,vatRate,id) VALUES (:name,:price,:vatRate,:id) with params: Hrobaříci a Hrobaři - Pavla Horáková, 222 Kč, 0, 10 [] []
[2018-12-13 23:16:31] logger.INFO: Trying to get value from name using Eshop\Model\Product::getName() [] []
[2018-12-13 23:16:31] logger.INFO: Trying to get value from price using Eshop\Model\Product::getPrice() [] []
[2018-12-13 23:16:31] logger.INFO: Trying to get value from vatRate using Eshop\Model\Product::getVatRate() [] []
[2018-12-13 23:16:31] logger.INFO: Trying to get value from id using Eshop\Model\Product::getId() [] []
[2018-12-13 23:16:31] logger.INFO: Query: INSERT INTO `product` (name,price,vatRate,id) VALUES (:name,:price,:vatRate,:id) with params: Slzy muže - Darina Hamarová, 242 Kč, 0, 11 [] []
[2018-12-13 23:16:31] logger.INFO: Trying to get value from name using Eshop\Model\Product::getName() [] []
[2018-12-13 23:16:31] logger.INFO: Trying to get value from price using Eshop\Model\Product::getPrice() [] []
[2018-12-13 23:16:31] logger.INFO: Trying to get value from vatRate using Eshop\Model\Product::getVatRate() [] []
[2018-12-13 23:16:31] logger.INFO: Trying to get value from id using Eshop\Model\Product::getId() [] []
[2018-12-13 23:16:31] logger.INFO: Query: INSERT INTO `product` (name,price,vatRate,id) VALUES (:name,:price,:vatRate,:id) with params: Past na korunu - Daniela Krolupperová, 206 Kč, 0, 12 [] []
[2018-12-13 23:16:31] logger.INFO: Trying to get value from name using Eshop\Model\Product::getName() [] []
[2018-12-13 23:16:31] logger.INFO: Trying to get value from price using Eshop\Model\Product::getPrice() [] []
[2018-12-13 23:16:31] logger.INFO: Trying to get value from vatRate using Eshop\Model\Product::getVatRate() [] []
[2018-12-13 23:16:31] logger.INFO: Trying to get value from id using Eshop\Model\Product::getId() [] []
[2018-12-13 23:16:31] logger.INFO: Query: INSERT INTO `product` (name,price,vatRate,id) VALUES (:name,:price,:vatRate,:id) with params: Případy komisaře Joony Linny 1-6 - Lars Kepler, 1 799 Kč, 0, 13 [] []
[2018-12-13 23:16:31] logger.INFO: Trying to get value from name using Eshop\Model\Product::getName() [] []
[2018-12-13 23:16:31] logger.INFO: Trying to get value from price using Eshop\Model\Product::getPrice() [] []
[2018-12-13 23:16:32] logger.INFO: Trying to get value from vatRate using Eshop\Model\Product::getVatRate() [] []
[2018-12-13 23:16:32] logger.INFO: Trying to get value from id using Eshop\Model\Product::getId() [] []
[2018-12-13 23:16:32] logger.INFO: Query: INSERT INTO `product` (name,price,vatRate,id) VALUES (:name,:price,:vatRate,:id) with params: Poslední tóny z krypty - Alan Bradley, 251 Kč, 0, 14 [] []
[2018-12-13 23:16:32] logger.INFO: Trying to get value from name using Eshop\Model\Product::getName() [] []
[2018-12-13 23:16:32] logger.INFO: Trying to get value from price using Eshop\Model\Product::getPrice() [] []
[2018-12-13 23:16:32] logger.INFO: Trying to get value from vatRate using Eshop\Model\Product::getVatRate() [] []
[2018-12-13 23:16:32] logger.INFO: Trying to get value from id using Eshop\Model\Product::getId() [] []
[2018-12-13 23:16:32] logger.INFO: Query: INSERT INTO `product` (name,price,vatRate,id) VALUES (:name,:price,:vatRate,:id) with params: Černé srdce - Anna-Lou Weatherley, 269 Kč, 0, 15 [] []
[2018-12-13 23:16:32] logger.INFO: Trying to get value from name using Eshop\Model\Product::getName() [] []
[2018-12-13 23:16:32] logger.INFO: Trying to get value from price using Eshop\Model\Product::getPrice() [] []
[2018-12-13 23:16:32] logger.INFO: Trying to get value from vatRate using Eshop\Model\Product::getVatRate() [] []
[2018-12-13 23:16:32] logger.INFO: Trying to get value from id using Eshop\Model\Product::getId() [] []
[2018-12-13 23:16:32] logger.INFO: Query: INSERT INTO `product` (name,price,vatRate,id) VALUES (:name,:price,:vatRate,:id) with params: Nerozhodnost - Ed McBain, 224 Kč, 0, 16 [] []
[2018-12-13 23:16:32] logger.INFO: Trying to get value from name using Eshop\Model\Product::getName() [] []
[2018-12-13 23:16:32] logger.INFO: Trying to get value from price using Eshop\Model\Product::getPrice() [] []
[2018-12-13 23:16:32] logger.INFO: Trying to get value from vatRate using Eshop\Model\Product::getVatRate() [] []
[2018-12-13 23:16:32] logger.INFO: Trying to get value from id using Eshop\Model\Product::getId() [] []
[2018-12-13 23:16:32] logger.INFO: Query: INSERT INTO `product` (name,price,vatRate,id) VALUES (:name,:price,:vatRate,:id) with params: T-Force - Poslední mise - Leo Kessler, 251 Kč, 0, 17 [] []
[2018-12-13 23:16:32] logger.INFO: Trying to get value from name using Eshop\Model\Product::getName() [] []
[2018-12-13 23:16:32] logger.INFO: Trying to get value from price using Eshop\Model\Product::getPrice() [] []
[2018-12-13 23:16:32] logger.INFO: Trying to get value from vatRate using Eshop\Model\Product::getVatRate() [] []
[2018-12-13 23:16:32] logger.INFO: Trying to get value from id using Eshop\Model\Product::getId() [] []
[2018-12-13 23:16:32] logger.INFO: Query: INSERT INTO `product` (name,price,vatRate,id) VALUES (:name,:price,:vatRate,:id) with params: Ukradené štěně - Ivana Peroutková, 224 Kč, 0, 18 [] []
[2018-12-13 23:16:32] logger.INFO: Trying to get value from name using Eshop\Model\Product::getName() [] []
[2018-12-13 23:16:32] logger.INFO: Trying to get value from price using Eshop\Model\Product::getPrice() [] []
[2018-12-13 23:16:32] logger.INFO: Trying to get value from vatRate using Eshop\Model\Product::getVatRate() [] []
[2018-12-13 23:16:32] logger.INFO: Trying to get value from id using Eshop\Model\Product::getId() [] []
[2018-12-13 23:16:32] logger.INFO: Query: INSERT INTO `product` (name,price,vatRate,id) VALUES (:name,:price,:vatRate,:id) with params: Věř mi - J. P. Delaney, 314 Kč, 0, 19 [] []
[2018-12-13 23:16:32] logger.INFO: Trying to get value from name using Eshop\Model\Product::getName() [] []
[2018-12-13 23:16:32] logger.INFO: Trying to get value from price using Eshop\Model\Product::getPrice() [] []
[2018-12-13 23:16:32] logger.INFO: Trying to get value from vatRate using Eshop\Model\Product::getVatRate() [] []
[2018-12-13 23:16:32] logger.INFO: Trying to get value from id using Eshop\Model\Product::getId() [] []
[2018-12-13 23:16:32] logger.INFO: Query: INSERT INTO `product` (name,price,vatRate,id) VALUES (:name,:price,:vatRate,:id) with params: Doteky hněvu - Roman Cílek, 179 Kč, 0, 20 [] []
